<?xml version="1.0" encoding="UTF-8"?>
<!-- Generated by org.testng.reporters.JUnitReportReporter -->
<testsuite hostname="ILPT3692" failures="0" tests="2" name="TestNG1.NewTest" time="13.729" errors="0" timestamp="2023-11-04T18:36:29 IST" skipped="0">
  <testcase classname="TestNG1.NewTest" name="verifyTitle" time="5.080"/>
  <testcase classname="TestNG1.NewTest" name="getPageSource" time="8.649"/>
</testsuite> <!-- TestNG1.NewTest -->
